<?xml version="1.0" encoding="UTF-8"?>
<!-- Generated by org.testng.reporters.JUnitReportReporter -->
<testsuite hostname="DESKTOP-8QIQ87H" failures="0" tests="8" name="com.restassured.demo.api.testcases.APITest" time="3.880" errors="0" timestamp="2023-06-14T14:23:21 PKT" skipped="0">
  <testcase classname="com.restassured.demo.api.testcases.APITest" name="test_03" time="0.402"/>
  <system-out/>
  <testcase classname="com.restassured.demo.api.testcases.APITest" name="test_04" time="0.809"/>
  <system-out/>
  <testcase classname="com.restassured.demo.api.testcases.APITest" name="test_01" time="0.649"/>
  <system-out/>
  <testcase classname="com.restassured.demo.api.testcases.APITest" name="test_07" time="0.002"/>
  <system-out/>
  <testcase classname="com.restassured.demo.api.testcases.APITest" name="test_06" time="0.005"/>
  <system-out/>
  <testcase classname="com.restassured.demo.api.testcases.APITest" name="test_08" time="0.770"/>
  <system-out/>
  <testcase classname="com.restassured.demo.api.testcases.APITest" name="test_02" time="0.488"/>
  <system-out/>
  <testcase classname="com.restassured.demo.api.testcases.APITest" name="test_05" time="0.755"/>
  <system-out/>
</testsuite> <!-- com.restassured.demo.api.testcases.APITest -->
