<?xml version="1.0" encoding="UTF-8"?>
<!-- Generated by org.testng.reporters.JUnitReportReporter -->
<testsuite hostname="DESKTOP-8QIQ87H" failures="0" tests="1" name="UserManagement.UserManagemantTest" time="2.401" errors="0" timestamp="2023-05-31T15:46:42 PKT" skipped="0">
  <testcase classname="UserManagement.UserManagemantTest" name="Test01" time="2.401"/>
  <system-out/>
</testsuite> <!-- UserManagement.UserManagemantTest -->
