<?xml version="1.0" encoding="UTF-8"?>
<!-- Generated by org.testng.reporters.JUnitReportReporter -->
<testsuite hostname="DESKTOP-8QIQ87H" failures="0" tests="1" name="com.restassured.accounttypres.api.AccountTypesTestClass" time="3.595" errors="0" timestamp="2023-07-06T10:59:02 PKT" skipped="0">
  <testcase classname="com.restassured.accounttypres.api.AccountTypesTestClass" name="get_all_account_types" time="3.595"/>
  <system-out/>
</testsuite> <!-- com.restassured.accounttypres.api.AccountTypesTestClass -->
