<?xml version="1.0" encoding="UTF-8"?>
<!-- Generated by org.testng.reporters.JUnitReportReporter -->
<testsuite hostname="DESKTOP-8QIQ87H" failures="0" tests="5" name="api.demo.AuthApiTest" time="3.355" errors="0" timestamp="2023-06-06T11:47:57 PKT" skipped="0">
  <testcase classname="api.demo.AuthApiTest" name="test_03" time="0.599"/>
  <system-out/>
  <testcase classname="api.demo.AuthApiTest" name="test_04" time="0.046"/>
  <system-out/>
  <testcase classname="api.demo.AuthApiTest" name="test_01" time="0.965"/>
  <system-out/>
  <testcase classname="api.demo.AuthApiTest" name="test_00" time="0.920"/>
  <system-out/>
  <testcase classname="api.demo.AuthApiTest" name="test_02" time="0.825"/>
  <system-out/>
</testsuite> <!-- api.demo.AuthApiTest -->
