<?xml version="1.0" encoding="UTF-8"?>
<!-- Generated by org.testng.reporters.JUnitReportReporter -->
<testsuite hostname="DESKTOP-8QIQ87H" failures="0" tests="3" name="ui.google.test.GoogleTest" time="26.319" errors="0" timestamp="2023-06-09T16:08:25 PKT" skipped="0">
  <testcase classname="ui.google.test.GoogleTest" name="test1Function" time="8.091"/>
  <system-out/>
  <testcase classname="ui.google.test.GoogleTest" name="testFunction" time="8.122"/>
  <system-out/>
  <testcase classname="ui.google.test.GoogleTest" name="test0Function" time="10.106"/>
  <system-out/>
</testsuite> <!-- ui.google.test.GoogleTest -->
