<?xml version="1.0" encoding="UTF-8"?>
<!-- Generated by org.testng.reporters.JUnitReportReporter -->
<testsuite hostname="DESKTOP-8QIQ87H" failures="0" tests="1" name="com.restassured.usermanagment.api.testcases.UseCaseManagmentTest" time="3.011" errors="0" timestamp="2023-07-03T17:23:50 PKT" skipped="0">
  <testcase classname="com.restassured.usermanagment.api.testcases.UseCaseManagmentTest" name="updateUseCase" time="3.011"/>
  <system-out/>
</testsuite> <!-- com.restassured.usermanagment.api.testcases.UseCaseManagmentTest -->
