<?xml version="1.0" encoding="UTF-8"?>
<!-- Generated by org.testng.reporters.JUnitReportReporter -->
<testsuite hostname="DESKTOP-8QIQ87H" failures="0" tests="3" name="Tests.GoogleTest" time="11.368" errors="0" timestamp="2023-06-01T14:50:06 PKT" skipped="0">
  <testcase classname="Tests.GoogleTest" name="testFunction" time="2.366"/>
  <system-out/>
  <testcase classname="Tests.GoogleTest" name="test0Function" time="6.577"/>
  <system-out/>
  <testcase classname="Tests.GoogleTest" name="test1Function" time="2.425"/>
  <system-out/>
</testsuite> <!-- Tests.GoogleTest -->
