<?xml version="1.0" encoding="UTF-8"?>
<!-- Generated by org.testng.reporters.JUnitReportReporter -->
<testsuite hostname="DESKTOP-8QIQ87H" failures="0" tests="3" name="ui.google.test.GoogleTest" time="9.343" errors="0" timestamp="2023-06-06T11:47:57 PKT" skipped="0">
  <testcase classname="ui.google.test.GoogleTest" name="test0Function" time="3.594"/>
  <system-out/>
  <testcase classname="ui.google.test.GoogleTest" name="testFunction" time="2.953"/>
  <system-out/>
  <testcase classname="ui.google.test.GoogleTest" name="test1Function" time="2.796"/>
  <system-out/>
</testsuite> <!-- ui.google.test.GoogleTest -->
