<?xml version="1.0" encoding="UTF-8"?>
<!-- Generated by org.testng.reporters.JUnitReportReporter -->
<testsuite hostname="DESKTOP-8QIQ87H" failures="0" tests="8" name="api.demo.APITest" time="5.397" errors="0" timestamp="2023-06-06T11:47:57 PKT" skipped="0">
  <testcase classname="api.demo.APITest" name="test_06" time="0.007"/>
  <system-out/>
  <testcase classname="api.demo.APITest" name="test_02" time="0.700"/>
  <system-out/>
  <testcase classname="api.demo.APITest" name="test_03" time="0.519"/>
  <system-out/>
  <testcase classname="api.demo.APITest" name="test_05" time="0.819"/>
  <system-out/>
  <testcase classname="api.demo.APITest" name="test_04" time="1.301"/>
  <system-out/>
  <testcase classname="api.demo.APITest" name="test_07" time="0.004"/>
  <system-out/>
  <testcase classname="api.demo.APITest" name="test_01" time="1.147"/>
  <system-out/>
  <testcase classname="api.demo.APITest" name="test_08" time="0.900"/>
  <system-out/>
</testsuite> <!-- api.demo.APITest -->
