<?xml version="1.0" encoding="UTF-8"?>
<!-- Generated by org.testng.reporters.JUnitReportReporter -->
<testsuite hostname="DESKTOP-8QIQ87H" failures="0" tests="3" name="com.restassured.usermanagment.api.testcases.UseCaseManagmentTest" time="6.193" errors="0" timestamp="2023-06-20T10:31:32 PKT" skipped="0">
  <testcase classname="com.restassured.usermanagment.api.testcases.UseCaseManagmentTest" name="updateUseCase" time="2.397"/>
  <system-out/>
  <testcase classname="com.restassured.usermanagment.api.testcases.UseCaseManagmentTest" name="createUsecase" time="3.233"/>
  <system-out/>
  <testcase classname="com.restassured.usermanagment.api.testcases.UseCaseManagmentTest" name="getAllUseCases" time="0.563"/>
  <system-out/>
</testsuite> <!-- com.restassured.usermanagment.api.testcases.UseCaseManagmentTest -->
