<?xml version="1.0" encoding="UTF-8"?>
<!-- Generated by org.testng.reporters.JUnitReportReporter -->
<testsuite hostname="DESKTOP-8QIQ87H" failures="0" tests="2" name="Tests.GoogleTest" time="6.044" errors="0" timestamp="2023-05-17T00:41:37 PDT" skipped="0">
  <testcase classname="Tests.GoogleTest" name="test1Function" time="3.575"/>
  <system-out/>
  <testcase classname="Tests.GoogleTest" name="testFunction" time="2.469"/>
  <system-out/>
</testsuite> <!-- Tests.GoogleTest -->
