<?xml version="1.0" encoding="UTF-8"?>
<!-- Generated by org.testng.reporters.JUnitReportReporter -->
<testsuite hostname="DESKTOP-8QIQ87H" failures="0" tests="8" name="api.demo.APITest" time="5.784" errors="0" timestamp="2023-06-09T16:08:25 PKT" skipped="0">
  <testcase classname="api.demo.APITest" name="test_05" time="1.123"/>
  <system-out/>
  <testcase classname="api.demo.APITest" name="test_08" time="0.577"/>
  <system-out/>
  <testcase classname="api.demo.APITest" name="test_02" time="0.878"/>
  <system-out/>
  <testcase classname="api.demo.APITest" name="test_03" time="0.910"/>
  <system-out/>
  <testcase classname="api.demo.APITest" name="test_04" time="1.180"/>
  <system-out/>
  <testcase classname="api.demo.APITest" name="test_06" time="0.008"/>
  <system-out/>
  <testcase classname="api.demo.APITest" name="test_01" time="1.104"/>
  <system-out/>
  <testcase classname="api.demo.APITest" name="test_07" time="0.004"/>
  <system-out/>
</testsuite> <!-- api.demo.APITest -->
