<?xml version="1.0" encoding="UTF-8"?>
<!-- Generated by org.testng.reporters.JUnitReportReporter -->
<testsuite hostname="DESKTOP-8QIQ87H" failures="0" tests="3" name="Tests.GoogleTest" time="9.788" errors="0" timestamp="2023-06-05T12:59:51 PKT" skipped="0">
  <testcase classname="Tests.GoogleTest" name="test1Function" time="2.768"/>
  <system-out/>
  <testcase classname="Tests.GoogleTest" name="test0Function" time="3.643"/>
  <system-out/>
  <testcase classname="Tests.GoogleTest" name="testFunction" time="3.377"/>
  <system-out/>
</testsuite> <!-- Tests.GoogleTest -->
