<?xml version="1.0" encoding="UTF-8"?>
<!-- Generated by org.testng.reporters.JUnitReportReporter -->
<testsuite hostname="DESKTOP-8QIQ87H" failures="0" tests="1" name="GoogleTest" time="6.840" errors="0" timestamp="2023-06-21T10:17:35 PKT" skipped="0">
  <testcase classname="GoogleTest" name="testOpenGoogle" time="6.840"/>
  <system-out/>
</testsuite> <!-- GoogleTest -->
