<?xml version="1.0" encoding="UTF-8"?>
<!-- Generated by org.testng.reporters.JUnitReportReporter -->
<testsuite hostname="DESKTOP-8QIQ87H" failures="0" tests="5" name="Tests.AuthApiTest" time="2.639" errors="0" timestamp="2023-06-05T12:59:51 PKT" skipped="0">
  <testcase classname="Tests.AuthApiTest" name="test_04" time="0.065"/>
  <system-out/>
  <testcase classname="Tests.AuthApiTest" name="test_01" time="0.651"/>
  <system-out/>
  <testcase classname="Tests.AuthApiTest" name="test_02" time="0.631"/>
  <system-out/>
  <testcase classname="Tests.AuthApiTest" name="test_03" time="0.621"/>
  <system-out/>
  <testcase classname="Tests.AuthApiTest" name="test_00" time="0.671"/>
  <system-out/>
</testsuite> <!-- Tests.AuthApiTest -->
