<?xml version="1.0" encoding="UTF-8"?>
<!-- Generated by org.testng.reporters.JUnitReportReporter -->
<testsuite hostname="DESKTOP-8QIQ87H" failures="0" tests="3" name="com.restassured.google.ui.testcases.GoogleTest" time="13.481" errors="0" timestamp="2023-06-14T14:23:21 PKT" skipped="0">
  <testcase classname="com.restassured.google.ui.testcases.GoogleTest" name="testFunction" time="3.553"/>
  <system-out/>
  <testcase classname="com.restassured.google.ui.testcases.GoogleTest" name="test1Function" time="3.114"/>
  <system-out/>
  <testcase classname="com.restassured.google.ui.testcases.GoogleTest" name="test0Function" time="6.814"/>
  <system-out/>
</testsuite> <!-- com.restassured.google.ui.testcases.GoogleTest -->
