<?xml version="1.0" encoding="UTF-8"?>
<!-- Generated by org.testng.reporters.JUnitReportReporter -->
<testsuite hostname="DESKTOP-8QIQ87H" failures="0" tests="1" name="com.restassured.zindgi.testcases.Z2ZTransfer" time="11.189" errors="0" timestamp="2023-06-14T14:23:21 PKT" skipped="0">
  <testcase classname="com.restassured.zindgi.testcases.Z2ZTransfer" name="Z2ZTransaction" time="11.189"/>
  <system-out/>
</testsuite> <!-- com.restassured.zindgi.testcases.Z2ZTransfer -->
