<?xml version="1.0" encoding="UTF-8"?>
<!-- Generated by org.testng.reporters.JUnitReportReporter -->
<testsuite hostname="DESKTOP-8QIQ87H" failures="0" tests="3" name="com.restassured.usermanagment.api.testcases.UseCaseManagmentTest" time="4.001" errors="0" timestamp="2023-06-14T14:23:21 PKT" skipped="0">
  <testcase classname="com.restassured.usermanagment.api.testcases.UseCaseManagmentTest" name="getAllUseCases" time="0.584"/>
  <system-out/>
  <testcase classname="com.restassured.usermanagment.api.testcases.UseCaseManagmentTest" name="createUsecase" time="2.015"/>
  <system-out/>
  <testcase classname="com.restassured.usermanagment.api.testcases.UseCaseManagmentTest" name="updateUseCase" time="1.402"/>
  <system-out/>
</testsuite> <!-- com.restassured.usermanagment.api.testcases.UseCaseManagmentTest -->
