<?xml version="1.0" encoding="UTF-8"?>
<!-- Generated by org.testng.reporters.JUnitReportReporter -->
<testsuite hostname="DESKTOP-8QIQ87H" failures="0" tests="8" name="Tests.APITest" time="4.339" errors="0" timestamp="2023-06-05T12:59:51 PKT" skipped="0">
  <testcase classname="Tests.APITest" name="test_07" time="0.003"/>
  <system-out/>
  <testcase classname="Tests.APITest" name="test_08" time="0.758"/>
  <system-out/>
  <testcase classname="Tests.APITest" name="test_05" time="0.776"/>
  <system-out/>
  <testcase classname="Tests.APITest" name="test_04" time="1.157"/>
  <system-out/>
  <testcase classname="Tests.APITest" name="test_03" time="0.466"/>
  <system-out/>
  <testcase classname="Tests.APITest" name="test_06" time="0.004"/>
  <system-out/>
  <testcase classname="Tests.APITest" name="test_02" time="0.527"/>
  <system-out/>
  <testcase classname="Tests.APITest" name="test_01" time="0.648"/>
  <system-out/>
</testsuite> <!-- Tests.APITest -->
