<?xml version="1.0" encoding="UTF-8"?>
<!-- Generated by org.testng.reporters.JUnitReportReporter -->
<testsuite hostname="DESKTOP-8QIQ87H" failures="0" tests="5" name="api.demo.AuthApiTest" time="3.917" errors="0" timestamp="2023-06-09T16:08:25 PKT" skipped="0">
  <testcase classname="api.demo.AuthApiTest" name="test_04" time="0.737"/>
  <system-out/>
  <testcase classname="api.demo.AuthApiTest" name="test_01" time="0.702"/>
  <system-out/>
  <testcase classname="api.demo.AuthApiTest" name="test_02" time="0.613"/>
  <system-out/>
  <testcase classname="api.demo.AuthApiTest" name="test_03" time="1.101"/>
  <system-out/>
  <testcase classname="api.demo.AuthApiTest" name="test_00" time="0.764"/>
  <system-out/>
</testsuite> <!-- api.demo.AuthApiTest -->
