<?xml version="1.0" encoding="UTF-8"?>
<!-- Generated by org.testng.reporters.JUnitReportReporter -->
<testsuite hostname="DESKTOP-8QIQ87H" failures="0" tests="1" name="Tests.APITest" time="1.586" errors="0" timestamp="2023-05-26T15:45:25 PKT" skipped="0">
  <testcase classname="Tests.APITest" name="test_08" time="1.586"/>
  <system-out/>
</testsuite> <!-- Tests.APITest -->
