<?xml version="1.0" encoding="UTF-8"?>
<!-- Generated by org.testng.reporters.JUnitReportReporter -->
<testsuite hostname="DESKTOP-8QIQ87H" failures="0" tests="5" name="com.restassured.demo.api.testcases.AuthApiTest" time="3.174" errors="0" timestamp="2023-06-14T14:23:21 PKT" skipped="0">
  <testcase classname="com.restassured.demo.api.testcases.AuthApiTest" name="test_00" time="0.604"/>
  <system-out/>
  <testcase classname="com.restassured.demo.api.testcases.AuthApiTest" name="test_01" time="0.617"/>
  <system-out/>
  <testcase classname="com.restassured.demo.api.testcases.AuthApiTest" name="test_03" time="0.629"/>
  <system-out/>
  <testcase classname="com.restassured.demo.api.testcases.AuthApiTest" name="test_02" time="1.321"/>
  <system-out/>
  <testcase classname="com.restassured.demo.api.testcases.AuthApiTest" name="test_04" time="0.003"/>
  <system-out/>
</testsuite> <!-- com.restassured.demo.api.testcases.AuthApiTest -->
