<?xml version="1.0" encoding="UTF-8"?>
<!-- Generated by org.testng.reporters.JUnitReportReporter -->
<testsuite hostname="DESKTOP-8QIQ87H" failures="0" tests="3" name="Tests.GoogleTest" time="11.439" errors="0" timestamp="2023-05-26T11:40:29 PKT" skipped="0">
  <testcase classname="Tests.GoogleTest" name="testFunction" time="2.540"/>
  <system-out/>
  <testcase classname="Tests.GoogleTest" name="test0Function" time="6.565"/>
  <system-out/>
  <testcase classname="Tests.GoogleTest" name="test1Function" time="2.334"/>
  <system-out/>
</testsuite> <!-- Tests.GoogleTest -->
