<?xml version="1.0" encoding="UTF-8"?>
<!-- Generated by org.testng.reporters.JUnitReportReporter -->
<testsuite hostname="DESKTOP-8QIQ87H" failures="0" tests="8" name="Tests.APITest" time="5.902" errors="0" timestamp="2023-06-01T14:59:23 PKT" skipped="0">
  <testcase classname="Tests.APITest" name="test_01" time="0.918"/>
  <system-out/>
  <testcase classname="Tests.APITest" name="test_04" time="1.098"/>
  <system-out/>
  <testcase classname="Tests.APITest" name="test_03" time="1.435"/>
  <system-out/>
  <testcase classname="Tests.APITest" name="test_02" time="0.725"/>
  <system-out/>
  <testcase classname="Tests.APITest" name="test_07" time="0.004"/>
  <system-out/>
  <testcase classname="Tests.APITest" name="test_05" time="0.919"/>
  <system-out/>
  <testcase classname="Tests.APITest" name="test_08" time="0.794"/>
  <system-out/>
  <testcase classname="Tests.APITest" name="test_06" time="0.009"/>
  <system-out/>
</testsuite> <!-- Tests.APITest -->
