<?xml version="1.0" encoding="UTF-8"?>
<!-- Generated by org.testng.reporters.JUnitReportReporter -->
<testsuite hostname="DESKTOP-8QIQ87H" failures="0" tests="1" name="Tests.AuthApiTest" time="0.060" errors="0" timestamp="2023-05-30T16:52:59 PKT" skipped="0">
  <testcase classname="Tests.AuthApiTest" name="test_04" time="0.060"/>
  <system-out/>
</testsuite> <!-- Tests.AuthApiTest -->
